
********************************************************************************
********************************************************************************
**********                                                            **********
                        EMBEDDING INTEGRAL GENERATOR                            
**********                                                            **********
********************************************************************************
********************************************************************************

********************************************************************************
**********                                                            **********
                        CONFIGURATION OF THIS CALCULATION                       

Keyword                                 Value
-------                                 -----
BASIS FILE                              basis_set_TZ
CARTESIAN                               0
EMBEDDING INTS REAL                     0
EMBEDDING POTENTIAL FILE                embpot.dat
GRID DIMENSIONS                         100  80  120  
LATTICE VECTORS                         14.3065  0  0  
                                        -7.15324  12.3898  0  
                                        0  0  17.0087  
NUM THREADS                             16
OUTPUT FORMAT                           QCHEM
SHIFT VECTOR                            Not defined, use default:
                                        0  0  0  
XYZ FILE                                Formaldehyde.xyz
**********                                                            **********
********************************************************************************

Running with OpenMP using 16 threads
***********************
*                      
* Embedding Integrals  
*                      
***********************

  Read grid data and embedding potential wall time(s): 0.254 cpu time(s): 0.26

* Reciprocal space integration scheme
  Calculate embedding integrals, real space part wall time(s): 22.18 cpu time(s): 164.85
  Calculate embedding integrals, reciprocal space part wall time(s): 35.769 cpu time(s): 281.04

#######################################
#######  Basis set information  #######
#######################################


Shell with index 0 at position 6.79209 11.7517 16.0798
ind_center = 0
   center   ang. mom.   ang. mom. comp.      exp.      coeff.   norm. coeff.   rel. norm coeff.
      0          0          (0,0,0)       8236.0000   0.0005      0.0015          1.0000
                                          1235.0000   0.0041      0.0115          
                                          280.8000    0.0211      0.0592          
                                          79.2700     0.0819      0.2300          
                                          25.5900     0.2348      0.6597          
                                          8.9970      0.4344      1.2205          
                                          3.3190      0.3461      0.9725          
                                          0.9059      0.0394      0.1106          
                                          0.3643      -0.0090     -0.0252         
                                          0.1285      0.0024      0.0067          

Shell with index 1 at position 6.7921 11.7517 16.0798
ind_center = 0
   center   ang. mom.   ang. mom. comp.      exp.      coeff.   norm. coeff.   rel. norm coeff.
      0          0          (0,0,0)       8236.0000   -0.0001     -0.0000         1.0000
                                          1235.0000   -0.0009     -0.0002         
                                          280.8000    -0.0045     -0.0011         
                                          79.2700     -0.0181     -0.0042         
                                          25.5900     -0.0558     -0.0130         
                                          8.9970      -0.1269     -0.0295         
                                          3.3190      -0.1704     -0.0397         
                                          0.9059      0.1404      0.0327          
                                          0.3643      0.5987      0.1394          
                                          0.1285      0.3954      0.0921          

Shell with index 2 at position 6.7921 11.7517 16.0798
ind_center = 0
   center   ang. mom.   ang. mom. comp.      exp.      coeff.   norm. coeff.   rel. norm coeff.
      0          0          (0,0,0)       8236.0000   0.0000      0.0000          1.0000
                                          1235.0000   0.0000      0.0000          
                                          280.8000    0.0000      0.0000          
                                          79.2700     0.0000      0.0000          
                                          25.5900     0.0000      0.0000          
                                          8.9970      0.0000      0.0000          
                                          3.3190      0.0000      0.0000          
                                          0.9059      1.0000      0.6618          
                                          0.3643      0.0000      0.0000          
                                          0.1285      0.0000      0.0000          

Shell with index 3 at position 6.7921 11.7517 16.0798
ind_center = 0
   center   ang. mom.   ang. mom. comp.      exp.      coeff.   norm. coeff.   rel. norm coeff.
      0          0          (0,0,0)       8236.0000   0.0000      0.0000          1.0000
                                          1235.0000   0.0000      0.0000          
                                          280.8000    0.0000      0.0000          
                                          79.2700     0.0000      0.0000          
                                          25.5900     0.0000      0.0000          
                                          8.9970      0.0000      0.0000          
                                          3.3190      0.0000      0.0000          
                                          0.9059      0.0000      0.0000          
                                          0.3643      0.0000      0.0000          
                                          0.1285      1.0000      0.1530          

Shell with index 4 at position 6.7921 11.7517 16.0798
ind_center = 0
   center   ang. mom.   ang. mom. comp.      exp.      coeff.   norm. coeff.   rel. norm coeff.
      0          1          (1,0,0)       18.7100     0.0140      0.0032          1.0000
                                          4.1330      0.0869      0.0201          
                                          1.2000      0.2902      0.0671          
                                          0.3827      0.5010      0.1159          
                                          0.1209      0.3434      0.0795          
      0          1          (0,1,0)       18.7100     0.0140      0.0032          1.0000
                                          4.1330      0.0869      0.0201          
                                          1.2000      0.2902      0.0671          
                                          0.3827      0.5010      0.1159          
                                          0.1209      0.3434      0.0795          
      0          1          (0,0,1)       18.7100     0.0140      0.0032          1.0000
                                          4.1330      0.0869      0.0201          
                                          1.2000      0.2902      0.0671          
                                          0.3827      0.5010      0.1159          
                                          0.1209      0.3434      0.0795          

Shell with index 5 at position 6.7921 11.7517 16.0798
ind_center = 0
   center   ang. mom.   ang. mom. comp.      exp.      coeff.   norm. coeff.   rel. norm coeff.
      0          1          (1,0,0)       18.7100     0.0000      0.0000          1.0000
                                          4.1330      0.0000      0.0000          
                                          1.2000      0.0000      0.0000          
                                          0.3827      1.0000      0.4291          
                                          0.1209      0.0000      0.0000          
      0          1          (0,1,0)       18.7100     0.0000      0.0000          1.0000
                                          4.1330      0.0000      0.0000          
                                          1.2000      0.0000      0.0000          
                                          0.3827      1.0000      0.4291          
                                          0.1209      0.0000      0.0000          
      0          1          (0,0,1)       18.7100     0.0000      0.0000          1.0000
                                          4.1330      0.0000      0.0000          
                                          1.2000      0.0000      0.0000          
                                          0.3827      1.0000      0.4291          
                                          0.1209      0.0000      0.0000          

Shell with index 6 at position 6.7921 11.7517 16.0798
ind_center = 0
   center   ang. mom.   ang. mom. comp.      exp.      coeff.   norm. coeff.   rel. norm coeff.
      0          1          (1,0,0)       18.7100     0.0000      0.0000          1.0000
                                          4.1330      0.0000      0.0000          
                                          1.2000      0.0000      0.0000          
                                          0.3827      0.0000      0.0000          
                                          0.1209      1.0000      0.1016          
      0          1          (0,1,0)       18.7100     0.0000      0.0000          1.0000
                                          4.1330      0.0000      0.0000          
                                          1.2000      0.0000      0.0000          
                                          0.3827      0.0000      0.0000          
                                          0.1209      1.0000      0.1016          
      0          1          (0,0,1)       18.7100     0.0000      0.0000          1.0000
                                          4.1330      0.0000      0.0000          
                                          1.2000      0.0000      0.0000          
                                          0.3827      0.0000      0.0000          
                                          0.1209      1.0000      0.1016          

Shell with index 7 at position 6.7921 11.7517 16.0798
ind_center = 0
   center   ang. mom.   ang. mom. comp.      exp.      coeff.   norm. coeff.   rel. norm coeff.
      0          2          (2,0,0)       1.0970      1.0000      3.3522          1.0000
                                          0.3180      0.0000      0.0000          
      0          2          (1,1,0)       1.0970      1.0000      3.3522          1.7321
                                          0.3180      0.0000      0.0000          
      0          2          (1,0,1)       1.0970      1.0000      3.3522          1.7321
                                          0.3180      0.0000      0.0000          
      0          2          (0,2,0)       1.0970      1.0000      3.3522          1.0000
                                          0.3180      0.0000      0.0000          
      0          2          (0,1,1)       1.0970      1.0000      3.3522          1.7321
                                          0.3180      0.0000      0.0000          
      0          2          (0,0,2)       1.0970      1.0000      3.3522          1.0000
                                          0.3180      0.0000      0.0000          

Shell with index 8 at position 6.7921 11.7517 16.0798
ind_center = 0
   center   ang. mom.   ang. mom. comp.      exp.      coeff.   norm. coeff.   rel. norm coeff.
      0          2          (2,0,0)       1.0970      0.0000      0.0000          1.0000
                                          0.3180      1.0000      0.3839          
      0          2          (1,1,0)       1.0970      0.0000      0.0000          1.7321
                                          0.3180      1.0000      0.3839          
      0          2          (1,0,1)       1.0970      0.0000      0.0000          1.7321
                                          0.3180      1.0000      0.3839          
      0          2          (0,2,0)       1.0970      0.0000      0.0000          1.0000
                                          0.3180      1.0000      0.3839          
      0          2          (0,1,1)       1.0970      0.0000      0.0000          1.7321
                                          0.3180      1.0000      0.3839          
      0          2          (0,0,2)       1.0970      0.0000      0.0000          1.0000
                                          0.3180      1.0000      0.3839          

Shell with index 9 at position 6.7921 11.7517 16.0798
ind_center = 0
   center   ang. mom.   ang. mom. comp.      exp.      coeff.   norm. coeff.   rel. norm coeff.
      0          3          (3,0,0)       0.7610      1.0000      3.0840          1.0000
      0          3          (2,1,0)       0.7610      1.0000      3.0840          2.2361
      0          3          (2,0,1)       0.7610      1.0000      3.0840          2.2361
      0          3          (1,2,0)       0.7610      1.0000      3.0840          2.2361
      0          3          (1,1,1)       0.7610      1.0000      3.0840          3.8730
      0          3          (1,0,2)       0.7610      1.0000      3.0840          2.2361
      0          3          (0,3,0)       0.7610      1.0000      3.0840          1.0000
      0          3          (0,2,1)       0.7610      1.0000      3.0840          2.2361
      0          3          (0,1,2)       0.7610      1.0000      3.0840          2.2361
      0          3          (0,0,3)       0.7610      1.0000      3.0840          1.0000

Shell with index 10 at position 5.5112 12.1363 14.2390
ind_center = 1
   center   ang. mom.   ang. mom. comp.      exp.      coeff.   norm. coeff.   rel. norm coeff.
      1          0          (0,0,0)       15330.0000  0.0005      0.0022          1.0000
                                          2299.0000   0.0039      0.0173          
                                          522.4000    0.0202      0.0894          
                                          147.3000    0.0792      0.3496          
                                          47.5500     0.2307      1.0184          
                                          16.7600     0.4331      1.9120          
                                          6.2070      0.3503      1.5463          
                                          1.7520      0.0427      0.1886          
                                          0.6882      -0.0082     -0.0360         
                                          0.2384      0.0024      0.0105          

Shell with index 11 at position 5.5112 12.1363 14.2390
ind_center = 1
   center   ang. mom.   ang. mom. comp.      exp.      coeff.   norm. coeff.   rel. norm coeff.
      1          0          (0,0,0)       15330.0000  -0.0001     -0.0000         1.0000
                                          2299.0000   -0.0009     -0.0003         
                                          522.4000    -0.0046     -0.0018         
                                          147.3000    -0.0187     -0.0071         
                                          47.5500     -0.0585     -0.0222         
                                          16.7600     -0.1365     -0.0518         
                                          6.2070      -0.1757     -0.0667         
                                          1.7520      0.1609      0.0611          
                                          0.6882      0.6034      0.2291          
                                          0.2384      0.3788      0.1438          

Shell with index 12 at position 5.5112 12.1363 14.2390
ind_center = 1
   center   ang. mom.   ang. mom. comp.      exp.      coeff.   norm. coeff.   rel. norm coeff.
      1          0          (0,0,0)       15330.0000  0.0000      0.0000          1.0000
                                          2299.0000   0.0000      0.0000          
                                          522.4000    0.0000      0.0000          
                                          147.3000    0.0000      0.0000          
                                          47.5500     0.0000      0.0000          
                                          16.7600     0.0000      0.0000          
                                          6.2070      0.0000      0.0000          
                                          1.7520      1.0000      1.0853          
                                          0.6882      0.0000      0.0000          
                                          0.2384      0.0000      0.0000          

Shell with index 13 at position 5.5112 12.1363 14.2390
ind_center = 1
   center   ang. mom.   ang. mom. comp.      exp.      coeff.   norm. coeff.   rel. norm coeff.
      1          0          (0,0,0)       15330.0000  0.0000      0.0000          1.0000
                                          2299.0000   0.0000      0.0000          
                                          522.4000    0.0000      0.0000          
                                          147.3000    0.0000      0.0000          
                                          47.5500     0.0000      0.0000          
                                          16.7600     0.0000      0.0000          
                                          6.2070      0.0000      0.0000          
                                          1.7520      0.0000      0.0000          
                                          0.6882      0.0000      0.0000          
                                          0.2384      1.0000      0.2432          

Shell with index 14 at position 5.5112 12.1363 14.2390
ind_center = 1
   center   ang. mom.   ang. mom. comp.      exp.      coeff.   norm. coeff.   rel. norm coeff.
      1          1          (1,0,0)       34.4600     0.0159      0.0078          1.0000
                                          7.7490      0.0997      0.0491          
                                          2.2800      0.3105      0.1528          
                                          0.7156      0.4910      0.2417          
                                          0.2140      0.3363      0.1655          
      1          1          (0,1,0)       34.4600     0.0159      0.0078          1.0000
                                          7.7490      0.0997      0.0491          
                                          2.2800      0.3105      0.1528          
                                          0.7156      0.4910      0.2417          
                                          0.2140      0.3363      0.1655          
      1          1          (0,0,1)       34.4600     0.0159      0.0078          1.0000
                                          7.7490      0.0997      0.0491          
                                          2.2800      0.3105      0.1528          
                                          0.7156      0.4910      0.2417          
                                          0.2140      0.3363      0.1655          

Shell with index 15 at position 5.5112 12.1363 14.2390
ind_center = 1
   center   ang. mom.   ang. mom. comp.      exp.      coeff.   norm. coeff.   rel. norm coeff.
      1          1          (1,0,0)       34.4600     0.0000      0.0000          1.0000
                                          7.7490      0.0000      0.0000          
                                          2.2800      0.0000      0.0000          
                                          0.7156      1.0000      0.9382          
                                          0.2140      0.0000      0.0000          
      1          1          (0,1,0)       34.4600     0.0000      0.0000          1.0000
                                          7.7490      0.0000      0.0000          
                                          2.2800      0.0000      0.0000          
                                          0.7156      1.0000      0.9382          
                                          0.2140      0.0000      0.0000          
      1          1          (0,0,1)       34.4600     0.0000      0.0000          1.0000
                                          7.7490      0.0000      0.0000          
                                          2.2800      0.0000      0.0000          
                                          0.7156      1.0000      0.9382          
                                          0.2140      0.0000      0.0000          

Shell with index 16 at position 5.5112 12.1363 14.2390
ind_center = 1
   center   ang. mom.   ang. mom. comp.      exp.      coeff.   norm. coeff.   rel. norm coeff.
      1          1          (1,0,0)       34.4600     0.0000      0.0000          1.0000
                                          7.7490      0.0000      0.0000          
                                          2.2800      0.0000      0.0000          
                                          0.7156      0.0000      0.0000          
                                          0.2140      1.0000      0.2075          
      1          1          (0,1,0)       34.4600     0.0000      0.0000          1.0000
                                          7.7490      0.0000      0.0000          
                                          2.2800      0.0000      0.0000          
                                          0.7156      0.0000      0.0000          
                                          0.2140      1.0000      0.2075          
      1          1          (0,0,1)       34.4600     0.0000      0.0000          1.0000
                                          7.7490      0.0000      0.0000          
                                          2.2800      0.0000      0.0000          
                                          0.7156      0.0000      0.0000          
                                          0.2140      1.0000      0.2075          

Shell with index 17 at position 5.5112 12.1363 14.2390
ind_center = 1
   center   ang. mom.   ang. mom. comp.      exp.      coeff.   norm. coeff.   rel. norm coeff.
      1          2          (2,0,0)       2.3140      1.0000      12.3767         1.0000
                                          0.6450      0.0000      0.0000          
      1          2          (1,1,0)       2.3140      1.0000      12.3767         1.7321
                                          0.6450      0.0000      0.0000          
      1          2          (1,0,1)       2.3140      1.0000      12.3767         1.7321
                                          0.6450      0.0000      0.0000          
      1          2          (0,2,0)       2.3140      1.0000      12.3767         1.0000
                                          0.6450      0.0000      0.0000          
      1          2          (0,1,1)       2.3140      1.0000      12.3767         1.7321
                                          0.6450      0.0000      0.0000          
      1          2          (0,0,2)       2.3140      1.0000      12.3767         1.0000
                                          0.6450      0.0000      0.0000          

Shell with index 18 at position 5.5112 12.1363 14.2390
ind_center = 1
   center   ang. mom.   ang. mom. comp.      exp.      coeff.   norm. coeff.   rel. norm coeff.
      1          2          (2,0,0)       2.3140      0.0000      0.0000          1.0000
                                          0.6450      1.0000      1.3234          
      1          2          (1,1,0)       2.3140      0.0000      0.0000          1.7321
                                          0.6450      1.0000      1.3234          
      1          2          (1,0,1)       2.3140      0.0000      0.0000          1.7321
                                          0.6450      1.0000      1.3234          
      1          2          (0,2,0)       2.3140      0.0000      0.0000          1.0000
                                          0.6450      1.0000      1.3234          
      1          2          (0,1,1)       2.3140      0.0000      0.0000          1.7321
                                          0.6450      1.0000      1.3234          
      1          2          (0,0,2)       2.3140      0.0000      0.0000          1.0000
                                          0.6450      1.0000      1.3234          

Shell with index 19 at position 5.5112 12.1363 14.2390
ind_center = 1
   center   ang. mom.   ang. mom. comp.      exp.      coeff.   norm. coeff.   rel. norm coeff.
      1          3          (3,0,0)       1.4280      1.0000      12.7098         1.0000
      1          3          (2,1,0)       1.4280      1.0000      12.7098         2.2361
      1          3          (2,0,1)       1.4280      1.0000      12.7098         2.2361
      1          3          (1,2,0)       1.4280      1.0000      12.7098         2.2361
      1          3          (1,1,1)       1.4280      1.0000      12.7098         3.8730
      1          3          (1,0,2)       1.4280      1.0000      12.7098         2.2361
      1          3          (0,3,0)       1.4280      1.0000      12.7098         1.0000
      1          3          (0,2,1)       1.4280      1.0000      12.7098         2.2361
      1          3          (0,1,2)       1.4280      1.0000      12.7098         2.2361
      1          3          (0,0,3)       1.4280      1.0000      12.7098         1.0000

Shell with index 20 at position 6.6685 9.9564 17.1978
ind_center = 2
   center   ang. mom.   ang. mom. comp.      exp.      coeff.   norm. coeff.   rel. norm coeff.
      2          0          (0,0,0)       33.8700     0.0061      0.0013          1.0000
                                          5.0950      0.0453      0.0100          
                                          1.1590      0.2028      0.0448          
                                          0.3258      0.5039      0.1113          
                                          0.1027      0.3834      0.0847          

Shell with index 21 at position 6.6685 9.9564 17.1978
ind_center = 2
   center   ang. mom.   ang. mom. comp.      exp.      coeff.   norm. coeff.   rel. norm coeff.
      2          0          (0,0,0)       33.8700     0.0000      0.0000          1.0000
                                          5.0950      0.0000      0.0000          
                                          1.1590      0.0000      0.0000          
                                          0.3258      1.0000      0.3073          
                                          0.1027      0.0000      0.0000          

Shell with index 22 at position 6.6685 9.9564 17.1978
ind_center = 2
   center   ang. mom.   ang. mom. comp.      exp.      coeff.   norm. coeff.   rel. norm coeff.
      2          0          (0,0,0)       33.8700     0.0000      0.0000          1.0000
                                          5.0950      0.0000      0.0000          
                                          1.1590      0.0000      0.0000          
                                          0.3258      0.0000      0.0000          
                                          0.1027      1.0000      0.1293          

Shell with index 23 at position 6.6685 9.9564 17.1978
ind_center = 2
   center   ang. mom.   ang. mom. comp.      exp.      coeff.   norm. coeff.   rel. norm coeff.
      2          1          (1,0,0)       1.4070      1.0000      2.1843          1.0000
                                          0.3880      0.0000      0.0000          
      2          1          (0,1,0)       1.4070      1.0000      2.1843          1.0000
                                          0.3880      0.0000      0.0000          
      2          1          (0,0,1)       1.4070      1.0000      2.1843          1.0000
                                          0.3880      0.0000      0.0000          

Shell with index 24 at position 6.6685 9.9564 17.1978
ind_center = 2
   center   ang. mom.   ang. mom. comp.      exp.      coeff.   norm. coeff.   rel. norm coeff.
      2          1          (1,0,0)       1.4070      0.0000      0.0000          1.0000
                                          0.3880      1.0000      0.4365          
      2          1          (0,1,0)       1.4070      0.0000      0.0000          1.0000
                                          0.3880      1.0000      0.4365          
      2          1          (0,0,1)       1.4070      0.0000      0.0000          1.0000
                                          0.3880      1.0000      0.4365          

Shell with index 25 at position 6.6685 9.9564 17.1978
ind_center = 2
   center   ang. mom.   ang. mom. comp.      exp.      coeff.   norm. coeff.   rel. norm coeff.
      2          2          (2,0,0)       1.0570      1.0000      3.1412          1.0000
      2          2          (1,1,0)       1.0570      1.0000      3.1412          1.7321
      2          2          (1,0,1)       1.0570      1.0000      3.1412          1.7321
      2          2          (0,2,0)       1.0570      1.0000      3.1412          1.0000
      2          2          (0,1,1)       1.0570      1.0000      3.1412          1.7321
      2          2          (0,0,2)       1.0570      1.0000      3.1412          1.0000

Shell with index 26 at position 8.1964 13.1618 16.8026
ind_center = 3
   center   ang. mom.   ang. mom. comp.      exp.      coeff.   norm. coeff.   rel. norm coeff.
      3          0          (0,0,0)       33.8700     0.0061      0.0013          1.0000
                                          5.0950      0.0453      0.0100          
                                          1.1590      0.2028      0.0448          
                                          0.3258      0.5039      0.1113          
                                          0.1027      0.3834      0.0847          

Shell with index 27 at position 8.1964 13.1618 16.8026
ind_center = 3
   center   ang. mom.   ang. mom. comp.      exp.      coeff.   norm. coeff.   rel. norm coeff.
      3          0          (0,0,0)       33.8700     0.0000      0.0000          1.0000
                                          5.0950      0.0000      0.0000          
                                          1.1590      0.0000      0.0000          
                                          0.3258      1.0000      0.3073          
                                          0.1027      0.0000      0.0000          

Shell with index 28 at position 8.1964 13.1618 16.8026
ind_center = 3
   center   ang. mom.   ang. mom. comp.      exp.      coeff.   norm. coeff.   rel. norm coeff.
      3          0          (0,0,0)       33.8700     0.0000      0.0000          1.0000
                                          5.0950      0.0000      0.0000          
                                          1.1590      0.0000      0.0000          
                                          0.3258      0.0000      0.0000          
                                          0.1027      1.0000      0.1293          

Shell with index 29 at position 8.1964 13.1618 16.8026
ind_center = 3
   center   ang. mom.   ang. mom. comp.      exp.      coeff.   norm. coeff.   rel. norm coeff.
      3          1          (1,0,0)       1.4070      1.0000      2.1843          1.0000
                                          0.3880      0.0000      0.0000          
      3          1          (0,1,0)       1.4070      1.0000      2.1843          1.0000
                                          0.3880      0.0000      0.0000          
      3          1          (0,0,1)       1.4070      1.0000      2.1843          1.0000
                                          0.3880      0.0000      0.0000          

Shell with index 30 at position 8.1964 13.1618 16.8026
ind_center = 3
   center   ang. mom.   ang. mom. comp.      exp.      coeff.   norm. coeff.   rel. norm coeff.
      3          1          (1,0,0)       1.4070      0.0000      0.0000          1.0000
                                          0.3880      1.0000      0.4365          
      3          1          (0,1,0)       1.4070      0.0000      0.0000          1.0000
                                          0.3880      1.0000      0.4365          
      3          1          (0,0,1)       1.4070      0.0000      0.0000          1.0000
                                          0.3880      1.0000      0.4365          

Shell with index 31 at position 8.1964 13.1618 16.8026
ind_center = 3
   center   ang. mom.   ang. mom. comp.      exp.      coeff.   norm. coeff.   rel. norm coeff.
      3          2          (2,0,0)       1.0570      1.0000      3.1412          1.0000
      3          2          (1,1,0)       1.0570      1.0000      3.1412          1.7321
      3          2          (1,0,1)       1.0570      1.0000      3.1412          1.7321
      3          2          (0,2,0)       1.0570      1.0000      3.1412          1.0000
      3          2          (0,1,1)       1.0570      1.0000      3.1412          1.7321
      3          2          (0,0,2)       1.0570      1.0000      3.1412          1.0000
#######################################
**********************************
* Basis set in Gaussian94 format *
**********************************


C     0
S   10   1.00
8236.00000000              0.0005309999
1235.00000000              0.0041079989
280.80000000              0.0210869945
79.27000000              0.0818529787
25.59000000              0.2348169388
8.99700000              0.4344008869
3.31900000              0.3461289099
0.90590000              0.0393779897
0.36430000              -0.0089829977
0.12850000              0.0023849994
S   10   1.00
8236.00000000              -0.0001129999
1235.00000000              -0.0008779995
280.80000000              -0.0045399976
79.27000000              -0.0181329906
25.59000000              -0.0557599711
8.99700000              -0.1268949342
3.31900000              -0.1703519117
0.90590000              0.1403819272
0.36430000              0.5986836897
0.12850000              0.3953887950
S   1   1.00
0.90590000              1.0000000000
S   1   1.00
0.12850000              1.0000000000
P   5   1.00
18.71000000              0.0140309984
4.13300000              0.0868659900
1.20000000              0.2902159664
0.38270000              0.5010079421
0.12090000              0.3434059603
P   1   1.00
0.38270000              1.0000000000
P   1   1.00
0.12090000              1.0000000000
D   1   1.00
1.09700000              1.0000000000
D   1   1.00
0.31800000              1.0000000000
F   1   1.00
0.76100000              1.0000000000
****
O     0
S   10   1.00
15330.00000000              0.0005079997
2299.00000000              0.0039289974
522.40000000              0.0202429868
147.30000000              0.0791809483
47.55000000              0.2306868493
16.76000000              0.4331177171
6.20700000              0.3502597712
1.75200000              0.0427279721
0.68820000              -0.0081539947
0.23840000              0.0023809984
S   10   1.00
15330.00000000              -0.0001150001
2299.00000000              -0.0008950005
522.40000000              -0.0046360024
147.30000000              -0.0187240098
47.55000000              -0.0584630307
16.76000000              -0.1364630716
6.20700000              -0.1757400922
1.75200000              0.1609340845
0.68820000              0.6034183167
0.23840000              0.3787651988
S   1   1.00
1.75200000              1.0000000000
S   1   1.00
0.23840000              1.0000000000
P   5   1.00
34.46000000              0.0159279907
7.74900000              0.0997399420
2.28000000              0.3104918195
0.71560000              0.4910257146
0.21400000              0.3363368045
P   1   1.00
0.71560000              1.0000000000
P   1   1.00
0.21400000              1.0000000000
D   1   1.00
2.31400000              1.0000000000
D   1   1.00
0.64500000              1.0000000000
F   1   1.00
1.42800000              1.0000000000
****
H     0
S   5   1.00
33.87000000              0.0060679992
5.09500000              0.0453079942
1.15900000              0.2028219738
0.32580000              0.5039029350
0.10270000              0.3834209505
S   1   1.00
0.32580000              1.0000000000
S   1   1.00
0.10270000              1.0000000000
P   1   1.00
1.40700000              1.0000000000
P   1   1.00
0.38800000              1.0000000000
D   1   1.00
1.05700000              1.0000000000
****

  Calculate embedding integrals, sorting and printing wall time(s): 35.7760000000 cpu time(s): 281.1600036621
TOTAL EXECUTION TIME  wall time(s): 36.0360000000 cpu time(s): 281.4300231934
